<?xml version="1.0" encoding="UTF-8"?>
<!-- Generated by org.testng.reporters.JUnitXMLReporter -->
<testsuite ignored="0" hostname="mk-PC" failures="0" tests="3" name="Surefire test" time="98.589" errors="0" timestamp="27 cze 2019 09:21:06 GMT">
  <testcase classname="Tests" name="test001_logowanie" time="16.522"/>
  <testcase classname="Tests" name="test002_fillExpertsApplication" time="20.906"/>
  <testcase classname="Tests" name="test003_fillPolishLanguagePromotion" time="60.925"/>
</testsuite> <!-- Surefire test -->
