<?xml version="1.0" encoding="UTF-8"?>
<!-- Generated by org.testng.reporters.JUnitXMLReporter -->
<testsuite ignored="0" hostname="mk-PC" failures="0" tests="3" name="Surefire test" time="101.513" errors="0" timestamp="27 cze 2019 12:39:40 GMT">
  <testcase classname="Tests" name="test001_logowanie" time="19.49"/>
  <testcase classname="Tests" name="test002_fillExpertsApplication" time="21.977"/>
  <testcase classname="Tests" name="test003_fillPolishLanguagePromotion" time="59.812"/>
</testsuite> <!-- Surefire test -->
