<?xml version="1.0" encoding="UTF-8"?>
<testng-results skipped="0" failed="0" ignored="0" total="1" passed="1">
  <reporter-output>
  </reporter-output>
  <suite name="Surefire suite" duration-ms="6763" started-at="2019-07-05T11:36:27Z" finished-at="2019-07-05T11:36:33Z">
    <groups>
    </groups>
    <test name="Surefire test" duration-ms="6763" started-at="2019-07-05T11:36:27Z" finished-at="2019-07-05T11:36:33Z">
      <class name="Tests">
        <test-method status="PASS" signature="beforeTest()[pri:0, instance:Tests@78b41097]" name="beforeTest" is-config="true" duration-ms="29" started-at="2019-07-05T11:36:27Z" finished-at="2019-07-05T11:36:27Z">
          <reporter-output>
          </reporter-output>
        </test-method> <!-- beforeTest -->
        <test-method status="PASS" signature="setUp()[pri:0, instance:Tests@78b41097]" name="setUp" is-config="true" duration-ms="12" started-at="2019-07-05T11:36:27Z" finished-at="2019-07-05T11:36:27Z">
          <reporter-output>
          </reporter-output>
        </test-method> <!-- setUp -->
        <test-method status="PASS" signature="test001_logowanie()[pri:1, instance:Tests@78b41097]" name="test001_logowanie" duration-ms="6586" started-at="2019-07-05T11:36:27Z" description="Logowanie" finished-at="2019-07-05T11:36:33Z">
          <reporter-output>
          </reporter-output>
        </test-method> <!-- test001_logowanie -->
        <test-method status="PASS" signature="afterClass()[pri:0, instance:Tests@78b41097]" name="afterClass" is-config="true" duration-ms="1" started-at="2019-07-05T11:36:33Z" finished-at="2019-07-05T11:36:33Z">
          <reporter-output>
          </reporter-output>
        </test-method> <!-- afterClass -->
        <test-method status="PASS" signature="afterTest()[pri:0, instance:Tests@78b41097]" name="afterTest" is-config="true" duration-ms="1" started-at="2019-07-05T11:36:33Z" finished-at="2019-07-05T11:36:33Z">
          <reporter-output>
          </reporter-output>
        </test-method> <!-- afterTest -->
      </class> <!-- Tests -->
    </test> <!-- Surefire test -->
  </suite> <!-- Surefire suite -->
</testng-results>
