<?xml version="1.0" encoding="UTF-8"?>
<testng-results ignored="0" total="3" passed="3" failed="0" skipped="0">
  <reporter-output>
  </reporter-output>
  <suite started-at="2019-06-27T09:19:28Z" name="Surefire suite" finished-at="2019-06-27T09:21:06Z" duration-ms="98589">
    <groups>
    </groups>
    <test started-at="2019-06-27T09:19:28Z" name="Surefire test" finished-at="2019-06-27T09:21:06Z" duration-ms="98589">
      <class name="Tests">
        <test-method is-config="true" signature="beforeTest()[pri:0, instance:Tests@4cb2918c]" started-at="2019-06-27T09:19:28Z" name="beforeTest" finished-at="2019-06-27T09:19:28Z" duration-ms="43" status="PASS">
          <reporter-output>
          </reporter-output>
        </test-method> <!-- beforeTest -->
        <test-method is-config="true" signature="setUp()[pri:0, instance:Tests@4cb2918c]" started-at="2019-06-27T09:19:28Z" name="setUp" finished-at="2019-06-27T09:19:28Z" duration-ms="18" status="PASS">
          <reporter-output>
          </reporter-output>
        </test-method> <!-- setUp -->
        <test-method signature="test001_logowanie()[pri:1, instance:Tests@4cb2918c]" started-at="2019-06-27T09:19:28Z" name="test001_logowanie" description="Logowanie" finished-at="2019-06-27T09:19:44Z" duration-ms="16522" status="PASS">
          <reporter-output>
          </reporter-output>
        </test-method> <!-- test001_logowanie -->
        <test-method signature="test002_fillExpertsApplication()[pri:1, instance:Tests@4cb2918c]" started-at="2019-06-27T09:19:44Z" name="test002_fillExpertsApplication" finished-at="2019-06-27T09:20:05Z" duration-ms="20906" status="PASS">
          <reporter-output>
          </reporter-output>
        </test-method> <!-- test002_fillExpertsApplication -->
        <test-method signature="test003_fillPolishLanguagePromotion()[pri:1, instance:Tests@4cb2918c]" started-at="2019-06-27T09:20:05Z" name="test003_fillPolishLanguagePromotion" finished-at="2019-06-27T09:21:06Z" duration-ms="60925" status="PASS">
          <reporter-output>
          </reporter-output>
        </test-method> <!-- test003_fillPolishLanguagePromotion -->
        <test-method is-config="true" signature="afterClass()[pri:0, instance:Tests@4cb2918c]" started-at="2019-06-27T09:21:06Z" name="afterClass" finished-at="2019-06-27T09:21:06Z" duration-ms="1" status="PASS">
          <reporter-output>
          </reporter-output>
        </test-method> <!-- afterClass -->
        <test-method is-config="true" signature="afterTest()[pri:0, instance:Tests@4cb2918c]" started-at="2019-06-27T09:21:06Z" name="afterTest" finished-at="2019-06-27T09:21:06Z" duration-ms="0" status="PASS">
          <reporter-output>
          </reporter-output>
        </test-method> <!-- afterTest -->
      </class> <!-- Tests -->
    </test> <!-- Surefire test -->
  </suite> <!-- Surefire suite -->
</testng-results>
