<?xml version="1.0" encoding="UTF-8"?>
<testsuite xmlns:xsi="http://www.w3.org/2001/XMLSchema-instance" xsi:noNamespaceSchemaLocation="https://maven.apache.org/surefire/maven-surefire-plugin/xsd/surefire-test-report.xsd" name="Tests" time="49.357" tests="3" errors="0" skipped="0" failures="2">
  <properties>
[...]
</properties>
  <testcase name="test001_logowanie" classname="Tests" time="24.341"/>
  <testcase name="test002_fillExpertsApplication" classname="Tests" time="11.266">
    <failure message="Element not found {#o0section-15-control≡grid-1-grid≡choose_language-control≡≡e0 + span}&#10;Expected: visible or transparent" type="com.codeborne.selenide.ex.ElementNotFound">com.codeborne.selenide.ex.ElementNotFound: 
Element not found {#o0section-15-control≡grid-1-grid≡choose_language-control≡≡e0 + span}
Expected: visible or transparent
	at Tests.test002_fillExpertsApplication(Tests.java:75)
Caused by: org.openqa.selenium.NoSuchElementException: 
no such element: Unable to locate element: {"method":"css selector","selector":"#o0section-15-control≡grid-1-grid≡choose_language-control≡≡e0 + span"}
  (Session info: chrome=75.0.3770.100)
For documentation on this error, please visit: https://www.seleniumhq.org/exceptions/no_such_element.html
Build info: version: '3.141.59', revision: 'e82be7d358', time: '2018-11-14T08:17:03'
System info: host: 'MK-PC', ip: '192.168.43.190', os.name: 'Windows 7', os.arch: 'amd64', os.version: '6.1', java.version: '12'
Driver info: org.openqa.selenium.chrome.ChromeDriver
Capabilities {acceptInsecureCerts: false, browserName: chrome, browserVersion: 75.0.3770.100, chrome: {chromedriverVersion: 75.0.3770.90 (a6dcaf7e3ec6f..., userDataDir: C:\Users\mk\AppData\Local\T...}, goog:chromeOptions: {debuggerAddress: localhost:56882}, javascriptEnabled: true, networkConnectionEnabled: false, pageLoadStrategy: normal, platform: XP, platformName: XP, proxy: Proxy(), setWindowRect: true, strictFileInteractability: false, timeouts: {implicit: 0, pageLoad: 300000, script: 30000}, unhandledPromptBehavior: dismiss and notify}
Session ID: 251d1280dafbc8dce34adb4fb6c8d047
*** Element info: {Using=css selector, value=#o0section-15-control≡grid-1-grid≡choose_language-control≡≡e0 + span}
	at Tests.test002_fillExpertsApplication(Tests.java:75)
</failure>
    <system-out><![CDATA[[INFO ] 2019-06-25 20:16:49.639 [main] Tests - 1. Przejście do programow
[INFO ] 2019-06-25 20:16:49.772 [main] Tests - 2. przejscie do expert application
]]></system-out>
  </testcase>
  <testcase name="test003_fillPolishLanguagePromotion" classname="Tests" time="11.006">
    <failure message="Element not found {#o0fr-view-component≡section-508-section≡grid-1-grid≡textarea-0-control≡field≡≡c}&#10;Expected: exist" type="com.codeborne.selenide.ex.ElementNotFound">com.codeborne.selenide.ex.ElementNotFound: 
Element not found {#o0fr-view-component≡section-508-section≡grid-1-grid≡textarea-0-control≡field≡≡c}
Expected: exist
	at Tests.test003_fillPolishLanguagePromotion(Tests.java:119)
Caused by: org.openqa.selenium.NoSuchElementException: 
no such element: Unable to locate element: {"method":"css selector","selector":"#o0fr-view-component≡section-508-section≡grid-1-grid≡textarea-0-control≡field≡≡c"}
  (Session info: chrome=75.0.3770.100)
For documentation on this error, please visit: https://www.seleniumhq.org/exceptions/no_such_element.html
Build info: version: '3.141.59', revision: 'e82be7d358', time: '2018-11-14T08:17:03'
System info: host: 'MK-PC', ip: '192.168.43.190', os.name: 'Windows 7', os.arch: 'amd64', os.version: '6.1', java.version: '12'
Driver info: org.openqa.selenium.chrome.ChromeDriver
Capabilities {acceptInsecureCerts: false, browserName: chrome, browserVersion: 75.0.3770.100, chrome: {chromedriverVersion: 75.0.3770.90 (a6dcaf7e3ec6f..., userDataDir: C:\Users\mk\AppData\Local\T...}, goog:chromeOptions: {debuggerAddress: localhost:56882}, javascriptEnabled: true, networkConnectionEnabled: false, pageLoadStrategy: normal, platform: XP, platformName: XP, proxy: Proxy(), setWindowRect: true, strictFileInteractability: false, timeouts: {implicit: 0, pageLoad: 300000, script: 30000}, unhandledPromptBehavior: dismiss and notify}
Session ID: 251d1280dafbc8dce34adb4fb6c8d047
*** Element info: {Using=css selector, value=#o0fr-view-component≡section-508-section≡grid-1-grid≡textarea-0-control≡field≡≡c}
	at Tests.test003_fillPolishLanguagePromotion(Tests.java:119)
</failure>
    <system-out><![CDATA[[INFO ] 2019-06-25 20:17:00.905 [main] Tests - 1. Przejście do programow
[INFO ] 2019-06-25 20:17:01.014 [main] Tests - 2. Wypełanie wniosku promocja jezyka polskiego
[INFO ] 2019-06-25 20:17:01.121 [main] Tests - 3. Wypełanie pierwszej strony wniosku
]]></system-out>
  </testcase>
</testsuite>