-------------------------------------------------------------------------------
Test set: Tests
-------------------------------------------------------------------------------
Tests run: 1, Failures: 1, Errors: 0, Skipped: 0, Time elapsed: 1.794 s <<< FAILURE! - in Tests
test001_logowanie(Tests)  Time elapsed: 0.099 s  <<< FAILURE!
java.lang.NullPointerException
	at Tests.test001_logowanie(Tests.java:46)

